2025-05-07 14:33:53.466  <> [INF] (Microsoft.Hosting.Lifetime) Now listening on: http://localhost:5083 
2025-05-07 14:33:53.478  <> [INF] (Microsoft.Hosting.Lifetime) Application started. Press Ctrl+C to shut down. 
2025-05-07 14:33:53.478  <> [INF] (Microsoft.Hosting.Lifetime) Hosting environment: Development 
2025-05-07 14:33:53.478  <> [INF] (Microsoft.Hosting.Lifetime) Content root path: C:\Users\Yosefg\AI\APITemplate\Products\Products 
2025-05-07 14:33:53.984  <> [INF] (Microsoft.AspNetCore.Hosting.Diagnostics) Request starting HTTP/1.1 GET http://localhost:5083/swagger/index.html - null null 
2025-05-07 14:33:54.067  <> [INF] (Microsoft.AspNetCore.Hosting.Diagnostics) Request finished HTTP/1.1 GET http://localhost:5083/swagger/index.html - 200 null text/html;charset=utf-8 84.2853ms 
2025-05-07 14:33:54.408  <> [INF] (Microsoft.AspNetCore.Hosting.Diagnostics) Request starting HTTP/1.1 GET http://localhost:5083/swagger/v1/swagger.json - null null 
2025-05-07 14:33:54.484  <> [INF] (Microsoft.AspNetCore.Hosting.Diagnostics) Request finished HTTP/1.1 GET http://localhost:5083/swagger/v1/swagger.json - 200 null application/json;charset=utf-8 75.3085ms 
2025-05-07 14:34:13.767  <> [INF] (Microsoft.AspNetCore.Hosting.Diagnostics) Request starting HTTP/1.1 GET http://localhost:5083/api/v1/Products - null null 
2025-05-07 14:34:13.775  <> [WRN] (Microsoft.AspNetCore.HttpsPolicy.HttpsRedirectionMiddleware) Failed to determine the https port for redirect. 
2025-05-07 14:34:13.778  <> [INF] (Microsoft.AspNetCore.Routing.EndpointMiddleware) Executing endpoint 'Products.Controllers.ProductsController.GetAll (Products)' 
2025-05-07 14:34:13.797  <> [INF] (Microsoft.AspNetCore.Mvc.Infrastructure.ControllerActionInvoker) Route matched with {action = "GetAll", controller = "Products"}. Executing controller action with signature System.Threading.Tasks.Task`1[Microsoft.AspNetCore.Mvc.ActionResult`1[System.Collections.Generic.IEnumerable`1[Products.Models.ProductDto]]] GetAll() on controller Products.Controllers.ProductsController (Products). 
2025-05-07 14:34:14.127  <> [INF] (Microsoft.AspNetCore.Mvc.Infrastructure.ObjectResultExecutor) Executing OkObjectResult, writing value of type 'System.Linq.Enumerable+SelectListIterator`2[[Products.Domain.Entities.Product, Products, Version=1.0.0.0, Culture=neutral, PublicKeyToken=null],[Products.Models.ProductDto, Products, Version=1.0.0.0, Culture=neutral, PublicKeyToken=null]]'. 
2025-05-07 14:34:14.139  <> [INF] (Microsoft.AspNetCore.Mvc.Infrastructure.ControllerActionInvoker) Executed action Products.Controllers.ProductsController.GetAll (Products) in 339.504ms 
2025-05-07 14:34:14.139  <> [INF] (Microsoft.AspNetCore.Routing.EndpointMiddleware) Executed endpoint 'Products.Controllers.ProductsController.GetAll (Products)' 
2025-05-07 14:34:14.142  <> [INF] (Microsoft.AspNetCore.Hosting.Diagnostics) Request finished HTTP/1.1 GET http://localhost:5083/api/v1/Products - 200 null application/json; charset=utf-8 374.9576ms 
2025-05-07 14:34:35.519  <> [INF] (Microsoft.AspNetCore.Hosting.Diagnostics) Request starting HTTP/1.1 GET http://localhost:5083/api/v1/Products - null null 
2025-05-07 14:34:35.521  <> [INF] (Microsoft.AspNetCore.Routing.EndpointMiddleware) Executing endpoint 'Products.Controllers.ProductsController.GetAll (Products)' 
2025-05-07 14:34:35.522  <> [INF] (Microsoft.AspNetCore.Mvc.Infrastructure.ControllerActionInvoker) Route matched with {action = "GetAll", controller = "Products"}. Executing controller action with signature System.Threading.Tasks.Task`1[Microsoft.AspNetCore.Mvc.ActionResult`1[System.Collections.Generic.IEnumerable`1[Products.Models.ProductDto]]] GetAll() on controller Products.Controllers.ProductsController (Products). 
2025-05-07 14:34:35.544  <> [INF] (Microsoft.AspNetCore.Mvc.Infrastructure.ObjectResultExecutor) Executing OkObjectResult, writing value of type 'System.Linq.Enumerable+SelectListIterator`2[[Products.Domain.Entities.Product, Products, Version=1.0.0.0, Culture=neutral, PublicKeyToken=null],[Products.Models.ProductDto, Products, Version=1.0.0.0, Culture=neutral, PublicKeyToken=null]]'. 
2025-05-07 14:34:35.544  <> [INF] (Microsoft.AspNetCore.Mvc.Infrastructure.ControllerActionInvoker) Executed action Products.Controllers.ProductsController.GetAll (Products) in 22.3931ms 
2025-05-07 14:34:35.545  <> [INF] (Microsoft.AspNetCore.Routing.EndpointMiddleware) Executed endpoint 'Products.Controllers.ProductsController.GetAll (Products)' 
2025-05-07 14:34:35.545  <> [INF] (Microsoft.AspNetCore.Hosting.Diagnostics) Request finished HTTP/1.1 GET http://localhost:5083/api/v1/Products - 200 null application/json; charset=utf-8 27.9664ms 
2025-05-07 14:39:47.461  <> [INF] (Microsoft.AspNetCore.Hosting.Diagnostics) Request starting HTTP/1.1 POST http://localhost:5083/api/v1/Products - application/json 47 
2025-05-07 14:39:47.462  <> [INF] (Microsoft.AspNetCore.Routing.EndpointMiddleware) Executing endpoint 'Products.Controllers.ProductsController.Create (Products)' 
2025-05-07 14:39:47.468  <> [INF] (Microsoft.AspNetCore.Mvc.Infrastructure.ControllerActionInvoker) Route matched with {action = "Create", controller = "Products"}. Executing controller action with signature System.Threading.Tasks.Task`1[Microsoft.AspNetCore.Mvc.ActionResult`1[Products.Models.ProductDto]] Create(Products.Models.ProductDto) on controller Products.Controllers.ProductsController (Products). 
2025-05-07 14:39:47.564  <> [INF] (Microsoft.EntityFrameworkCore.Update) Saved 1 entities to in-memory store. 
2025-05-07 14:39:47.567  <> [INF] (Products.Controllers.ProductsController) Product 1 created at "2025-05-07T11:39:47.4905338Z" 
2025-05-07 14:39:47.568  <> [INF] (Microsoft.AspNetCore.Mvc.Infrastructure.ObjectResultExecutor) Executing CreatedAtActionResult, writing value of type 'Products.Models.ProductDto'. 
2025-05-07 14:39:47.578  <> [INF] (Microsoft.AspNetCore.Mvc.Infrastructure.ControllerActionInvoker) Executed action Products.Controllers.ProductsController.Create (Products) in 110.1015ms 
2025-05-07 14:39:47.578  <> [INF] (Microsoft.AspNetCore.Routing.EndpointMiddleware) Executed endpoint 'Products.Controllers.ProductsController.Create (Products)' 
2025-05-07 14:39:47.578  <> [INF] (Microsoft.AspNetCore.Hosting.Diagnostics) Request finished HTTP/1.1 POST http://localhost:5083/api/v1/Products - 201 null application/json; charset=utf-8 117.3349ms 
2025-05-07 14:39:54.856  <> [INF] (Microsoft.AspNetCore.Hosting.Diagnostics) Request starting HTTP/1.1 GET http://localhost:5083/api/v1/Products - null null 
2025-05-07 14:39:54.857  <> [INF] (Microsoft.AspNetCore.Routing.EndpointMiddleware) Executing endpoint 'Products.Controllers.ProductsController.GetAll (Products)' 
2025-05-07 14:39:54.857  <> [INF] (Microsoft.AspNetCore.Mvc.Infrastructure.ControllerActionInvoker) Route matched with {action = "GetAll", controller = "Products"}. Executing controller action with signature System.Threading.Tasks.Task`1[Microsoft.AspNetCore.Mvc.ActionResult`1[System.Collections.Generic.IEnumerable`1[Products.Models.ProductDto]]] GetAll() on controller Products.Controllers.ProductsController (Products). 
2025-05-07 14:39:54.862  <> [INF] (Microsoft.AspNetCore.Mvc.Infrastructure.ObjectResultExecutor) Executing OkObjectResult, writing value of type 'System.Linq.Enumerable+SelectListIterator`2[[Products.Domain.Entities.Product, Products, Version=1.0.0.0, Culture=neutral, PublicKeyToken=null],[Products.Models.ProductDto, Products, Version=1.0.0.0, Culture=neutral, PublicKeyToken=null]]'. 
2025-05-07 14:39:54.863  <> [INF] (Microsoft.AspNetCore.Mvc.Infrastructure.ControllerActionInvoker) Executed action Products.Controllers.ProductsController.GetAll (Products) in 5.7628ms 
2025-05-07 14:39:54.863  <> [INF] (Microsoft.AspNetCore.Routing.EndpointMiddleware) Executed endpoint 'Products.Controllers.ProductsController.GetAll (Products)' 
2025-05-07 14:39:54.863  <> [INF] (Microsoft.AspNetCore.Hosting.Diagnostics) Request finished HTTP/1.1 GET http://localhost:5083/api/v1/Products - 200 null application/json; charset=utf-8 7.5516ms 
2025-05-07 14:39:56.904  <> [INF] (Microsoft.AspNetCore.Hosting.Diagnostics) Request starting HTTP/1.1 GET http://localhost:5083/api/v1/Products - null null 
2025-05-07 14:39:56.905  <> [INF] (Microsoft.AspNetCore.Routing.EndpointMiddleware) Executing endpoint 'Products.Controllers.ProductsController.GetAll (Products)' 
2025-05-07 14:39:56.905  <> [INF] (Microsoft.AspNetCore.Mvc.Infrastructure.ControllerActionInvoker) Route matched with {action = "GetAll", controller = "Products"}. Executing controller action with signature System.Threading.Tasks.Task`1[Microsoft.AspNetCore.Mvc.ActionResult`1[System.Collections.Generic.IEnumerable`1[Products.Models.ProductDto]]] GetAll() on controller Products.Controllers.ProductsController (Products). 
2025-05-07 14:39:56.907  <> [INF] (Microsoft.AspNetCore.Mvc.Infrastructure.ObjectResultExecutor) Executing OkObjectResult, writing value of type 'System.Linq.Enumerable+SelectListIterator`2[[Products.Domain.Entities.Product, Products, Version=1.0.0.0, Culture=neutral, PublicKeyToken=null],[Products.Models.ProductDto, Products, Version=1.0.0.0, Culture=neutral, PublicKeyToken=null]]'. 
2025-05-07 14:39:56.907  <> [INF] (Microsoft.AspNetCore.Mvc.Infrastructure.ControllerActionInvoker) Executed action Products.Controllers.ProductsController.GetAll (Products) in 1.7601ms 
2025-05-07 14:39:56.907  <> [INF] (Microsoft.AspNetCore.Routing.EndpointMiddleware) Executed endpoint 'Products.Controllers.ProductsController.GetAll (Products)' 
2025-05-07 14:39:56.907  <> [INF] (Microsoft.AspNetCore.Hosting.Diagnostics) Request finished HTTP/1.1 GET http://localhost:5083/api/v1/Products - 200 null application/json; charset=utf-8 3.1668ms 
2025-05-07 14:39:59.279  <> [INF] (Microsoft.AspNetCore.Hosting.Diagnostics) Request starting HTTP/1.1 POST http://localhost:5083/api/v1/Products - application/json 47 
2025-05-07 14:39:59.280  <> [INF] (Microsoft.AspNetCore.Routing.EndpointMiddleware) Executing endpoint 'Products.Controllers.ProductsController.Create (Products)' 
2025-05-07 14:39:59.280  <> [INF] (Microsoft.AspNetCore.Mvc.Infrastructure.ControllerActionInvoker) Route matched with {action = "Create", controller = "Products"}. Executing controller action with signature System.Threading.Tasks.Task`1[Microsoft.AspNetCore.Mvc.ActionResult`1[Products.Models.ProductDto]] Create(Products.Models.ProductDto) on controller Products.Controllers.ProductsController (Products). 
2025-05-07 14:39:59.285  <> [INF] (Microsoft.EntityFrameworkCore.Update) Saved 1 entities to in-memory store. 
2025-05-07 14:39:59.286  <> [INF] (Products.Controllers.ProductsController) Product 2 created at "2025-05-07T11:39:59.2843704Z" 
2025-05-07 14:39:59.286  <> [INF] (Microsoft.AspNetCore.Mvc.Infrastructure.ObjectResultExecutor) Executing CreatedAtActionResult, writing value of type 'Products.Models.ProductDto'. 
2025-05-07 14:39:59.289  <> [INF] (Microsoft.AspNetCore.Mvc.Infrastructure.ControllerActionInvoker) Executed action Products.Controllers.ProductsController.Create (Products) in 9.2043ms 
2025-05-07 14:39:59.289  <> [INF] (Microsoft.AspNetCore.Routing.EndpointMiddleware) Executed endpoint 'Products.Controllers.ProductsController.Create (Products)' 
2025-05-07 14:39:59.289  <> [INF] (Microsoft.AspNetCore.Hosting.Diagnostics) Request finished HTTP/1.1 POST http://localhost:5083/api/v1/Products - 201 null application/json; charset=utf-8 9.9125ms 
2025-05-07 14:40:05.793  <> [INF] (Microsoft.AspNetCore.Hosting.Diagnostics) Request starting HTTP/1.1 GET http://localhost:5083/api/v1/Products - null null 
2025-05-07 14:40:05.794  <> [INF] (Microsoft.AspNetCore.Routing.EndpointMiddleware) Executing endpoint 'Products.Controllers.ProductsController.GetAll (Products)' 
2025-05-07 14:40:05.794  <> [INF] (Microsoft.AspNetCore.Mvc.Infrastructure.ControllerActionInvoker) Route matched with {action = "GetAll", controller = "Products"}. Executing controller action with signature System.Threading.Tasks.Task`1[Microsoft.AspNetCore.Mvc.ActionResult`1[System.Collections.Generic.IEnumerable`1[Products.Models.ProductDto]]] GetAll() on controller Products.Controllers.ProductsController (Products). 
2025-05-07 14:40:05.795  <> [INF] (Microsoft.AspNetCore.Mvc.Infrastructure.ObjectResultExecutor) Executing OkObjectResult, writing value of type 'System.Linq.Enumerable+SelectListIterator`2[[Products.Domain.Entities.Product, Products, Version=1.0.0.0, Culture=neutral, PublicKeyToken=null],[Products.Models.ProductDto, Products, Version=1.0.0.0, Culture=neutral, PublicKeyToken=null]]'. 
2025-05-07 14:40:05.795  <> [INF] (Microsoft.AspNetCore.Mvc.Infrastructure.ControllerActionInvoker) Executed action Products.Controllers.ProductsController.GetAll (Products) in 1.1911ms 
2025-05-07 14:40:05.796  <> [INF] (Microsoft.AspNetCore.Routing.EndpointMiddleware) Executed endpoint 'Products.Controllers.ProductsController.GetAll (Products)' 
2025-05-07 14:40:05.796  <> [INF] (Microsoft.AspNetCore.Hosting.Diagnostics) Request finished HTTP/1.1 GET http://localhost:5083/api/v1/Products - 200 null application/json; charset=utf-8 2.7025ms 
2025-05-07 14:42:04.829  <> [INF] (Microsoft.AspNetCore.Hosting.Diagnostics) Request starting HTTP/1.1 GET http://localhost:5083/api/v1/Products/1 - null null 
2025-05-07 14:42:04.829  <> [INF] (Microsoft.AspNetCore.Routing.EndpointMiddleware) Executing endpoint 'Products.Controllers.ProductsController.Get (Products)' 
2025-05-07 14:42:04.832  <> [INF] (Microsoft.AspNetCore.Mvc.Infrastructure.ControllerActionInvoker) Route matched with {action = "Get", controller = "Products"}. Executing controller action with signature System.Threading.Tasks.Task`1[Microsoft.AspNetCore.Mvc.ActionResult`1[Products.Models.ProductDto]] Get(Int32) on controller Products.Controllers.ProductsController (Products). 
2025-05-07 14:42:04.933  <> [INF] (Microsoft.AspNetCore.Mvc.Infrastructure.ObjectResultExecutor) Executing OkObjectResult, writing value of type 'Products.Models.ProductDto'. 
2025-05-07 14:42:04.933  <> [INF] (Microsoft.AspNetCore.Mvc.Infrastructure.ControllerActionInvoker) Executed action Products.Controllers.ProductsController.Get (Products) in 101.5364ms 
2025-05-07 14:42:04.933  <> [INF] (Microsoft.AspNetCore.Routing.EndpointMiddleware) Executed endpoint 'Products.Controllers.ProductsController.Get (Products)' 
2025-05-07 14:42:04.934  <> [INF] (Microsoft.AspNetCore.Hosting.Diagnostics) Request finished HTTP/1.1 GET http://localhost:5083/api/v1/Products/1 - 200 null application/json; charset=utf-8 104.7978ms 
2025-05-07 14:42:08.051  <> [INF] (Microsoft.AspNetCore.Hosting.Diagnostics) Request starting HTTP/1.1 GET http://localhost:5083/api/v1/Products/2 - null null 
2025-05-07 14:42:08.052  <> [INF] (Microsoft.AspNetCore.Routing.EndpointMiddleware) Executing endpoint 'Products.Controllers.ProductsController.Get (Products)' 
2025-05-07 14:42:08.052  <> [INF] (Microsoft.AspNetCore.Mvc.Infrastructure.ControllerActionInvoker) Route matched with {action = "Get", controller = "Products"}. Executing controller action with signature System.Threading.Tasks.Task`1[Microsoft.AspNetCore.Mvc.ActionResult`1[Products.Models.ProductDto]] Get(Int32) on controller Products.Controllers.ProductsController (Products). 
2025-05-07 14:42:08.057  <> [INF] (Microsoft.AspNetCore.Mvc.Infrastructure.ObjectResultExecutor) Executing OkObjectResult, writing value of type 'Products.Models.ProductDto'. 
2025-05-07 14:42:08.057  <> [INF] (Microsoft.AspNetCore.Mvc.Infrastructure.ControllerActionInvoker) Executed action Products.Controllers.ProductsController.Get (Products) in 4.7141ms 
2025-05-07 14:42:08.057  <> [INF] (Microsoft.AspNetCore.Routing.EndpointMiddleware) Executed endpoint 'Products.Controllers.ProductsController.Get (Products)' 
2025-05-07 14:42:08.057  <> [INF] (Microsoft.AspNetCore.Hosting.Diagnostics) Request finished HTTP/1.1 GET http://localhost:5083/api/v1/Products/2 - 200 null application/json; charset=utf-8 5.8606ms 
2025-05-07 14:42:10.065  <> [INF] (Microsoft.AspNetCore.Hosting.Diagnostics) Request starting HTTP/1.1 GET http://localhost:5083/api/v1/Products/3 - null null 
2025-05-07 14:42:10.066  <> [INF] (Microsoft.AspNetCore.Routing.EndpointMiddleware) Executing endpoint 'Products.Controllers.ProductsController.Get (Products)' 
2025-05-07 14:42:10.066  <> [INF] (Microsoft.AspNetCore.Mvc.Infrastructure.ControllerActionInvoker) Route matched with {action = "Get", controller = "Products"}. Executing controller action with signature System.Threading.Tasks.Task`1[Microsoft.AspNetCore.Mvc.ActionResult`1[Products.Models.ProductDto]] Get(Int32) on controller Products.Controllers.ProductsController (Products). 
2025-05-07 14:42:10.070  <> [INF] (Microsoft.AspNetCore.Mvc.Infrastructure.ObjectResultExecutor) Executing ObjectResult, writing value of type 'Microsoft.AspNetCore.Mvc.ProblemDetails'. 
2025-05-07 14:42:10.080  <> [INF] (Microsoft.AspNetCore.Mvc.Infrastructure.ControllerActionInvoker) Executed action Products.Controllers.ProductsController.Get (Products) in 13.3026ms 
2025-05-07 14:42:10.080  <> [INF] (Microsoft.AspNetCore.Routing.EndpointMiddleware) Executed endpoint 'Products.Controllers.ProductsController.Get (Products)' 
2025-05-07 14:42:10.080  <> [INF] (Microsoft.AspNetCore.Hosting.Diagnostics) Request finished HTTP/1.1 GET http://localhost:5083/api/v1/Products/3 - 404 null application/problem+json; charset=utf-8 15.1838ms 
2025-05-07 14:42:17.667  <> [INF] (Microsoft.AspNetCore.Hosting.Diagnostics) Request starting HTTP/1.1 GET http://localhost:5083/api/v1/Products - null null 
2025-05-07 14:42:17.667  <> [INF] (Microsoft.AspNetCore.Routing.EndpointMiddleware) Executing endpoint 'Products.Controllers.ProductsController.GetAll (Products)' 
2025-05-07 14:42:17.667  <> [INF] (Microsoft.AspNetCore.Mvc.Infrastructure.ControllerActionInvoker) Route matched with {action = "GetAll", controller = "Products"}. Executing controller action with signature System.Threading.Tasks.Task`1[Microsoft.AspNetCore.Mvc.ActionResult`1[System.Collections.Generic.IEnumerable`1[Products.Models.ProductDto]]] GetAll() on controller Products.Controllers.ProductsController (Products). 
2025-05-07 14:42:17.669  <> [INF] (Microsoft.AspNetCore.Mvc.Infrastructure.ObjectResultExecutor) Executing OkObjectResult, writing value of type 'System.Linq.Enumerable+SelectListIterator`2[[Products.Domain.Entities.Product, Products, Version=1.0.0.0, Culture=neutral, PublicKeyToken=null],[Products.Models.ProductDto, Products, Version=1.0.0.0, Culture=neutral, PublicKeyToken=null]]'. 
2025-05-07 14:42:17.670  <> [INF] (Microsoft.AspNetCore.Mvc.Infrastructure.ControllerActionInvoker) Executed action Products.Controllers.ProductsController.GetAll (Products) in 2.1088ms 
2025-05-07 14:42:17.670  <> [INF] (Microsoft.AspNetCore.Routing.EndpointMiddleware) Executed endpoint 'Products.Controllers.ProductsController.GetAll (Products)' 
2025-05-07 14:42:17.670  <> [INF] (Microsoft.AspNetCore.Hosting.Diagnostics) Request finished HTTP/1.1 GET http://localhost:5083/api/v1/Products - 200 null application/json; charset=utf-8 2.718ms 
2025-05-07 14:42:18.353  <> [INF] (Microsoft.AspNetCore.Hosting.Diagnostics) Request starting HTTP/1.1 GET http://localhost:5083/api/v1/Products - null null 
2025-05-07 14:42:18.353  <> [INF] (Microsoft.AspNetCore.Routing.EndpointMiddleware) Executing endpoint 'Products.Controllers.ProductsController.GetAll (Products)' 
2025-05-07 14:42:18.354  <> [INF] (Microsoft.AspNetCore.Mvc.Infrastructure.ControllerActionInvoker) Route matched with {action = "GetAll", controller = "Products"}. Executing controller action with signature System.Threading.Tasks.Task`1[Microsoft.AspNetCore.Mvc.ActionResult`1[System.Collections.Generic.IEnumerable`1[Products.Models.ProductDto]]] GetAll() on controller Products.Controllers.ProductsController (Products). 
2025-05-07 14:42:18.354  <> [INF] (Microsoft.AspNetCore.Mvc.Infrastructure.ObjectResultExecutor) Executing OkObjectResult, writing value of type 'System.Linq.Enumerable+SelectListIterator`2[[Products.Domain.Entities.Product, Products, Version=1.0.0.0, Culture=neutral, PublicKeyToken=null],[Products.Models.ProductDto, Products, Version=1.0.0.0, Culture=neutral, PublicKeyToken=null]]'. 
2025-05-07 14:42:18.355  <> [INF] (Microsoft.AspNetCore.Mvc.Infrastructure.ControllerActionInvoker) Executed action Products.Controllers.ProductsController.GetAll (Products) in 0.9604ms 
2025-05-07 14:42:18.355  <> [INF] (Microsoft.AspNetCore.Routing.EndpointMiddleware) Executed endpoint 'Products.Controllers.ProductsController.GetAll (Products)' 
2025-05-07 14:42:18.355  <> [INF] (Microsoft.AspNetCore.Hosting.Diagnostics) Request finished HTTP/1.1 GET http://localhost:5083/api/v1/Products - 200 null application/json; charset=utf-8 1.8834ms 
2025-05-07 14:44:27.875  <> [INF] (Microsoft.AspNetCore.Hosting.Diagnostics) Request starting HTTP/1.1 DELETE http://localhost:5083/api/v1/Products/1 - null null 
2025-05-07 14:44:27.877  <> [INF] (Microsoft.AspNetCore.Routing.EndpointMiddleware) Executing endpoint 'Products.Controllers.ProductsController.Delete (Products)' 
2025-05-07 14:44:27.881  <> [INF] (Microsoft.AspNetCore.Mvc.Infrastructure.ControllerActionInvoker) Route matched with {action = "Delete", controller = "Products"}. Executing controller action with signature System.Threading.Tasks.Task`1[Microsoft.AspNetCore.Mvc.IActionResult] Delete(Int32) on controller Products.Controllers.ProductsController (Products). 
2025-05-07 14:44:27.893  <> [INF] (Microsoft.EntityFrameworkCore.Update) Saved 1 entities to in-memory store. 
2025-05-07 14:44:27.896  <> [INF] (Products.Controllers.ProductsController) Product 1 deleted 
2025-05-07 14:44:27.896  <> [INF] (Microsoft.AspNetCore.Mvc.StatusCodeResult) Executing StatusCodeResult, setting HTTP status code 204 
2025-05-07 14:44:27.897  <> [INF] (Microsoft.AspNetCore.Mvc.Infrastructure.ControllerActionInvoker) Executed action Products.Controllers.ProductsController.Delete (Products) in 15.6082ms 
2025-05-07 14:44:27.897  <> [INF] (Microsoft.AspNetCore.Routing.EndpointMiddleware) Executed endpoint 'Products.Controllers.ProductsController.Delete (Products)' 
2025-05-07 14:44:27.897  <> [INF] (Microsoft.AspNetCore.Hosting.Diagnostics) Request finished HTTP/1.1 DELETE http://localhost:5083/api/v1/Products/1 - 204 null null 22.2867ms 
2025-05-07 14:44:29.713  <> [INF] (Microsoft.AspNetCore.Hosting.Diagnostics) Request starting HTTP/1.1 DELETE http://localhost:5083/api/v1/Products/2 - null null 
2025-05-07 14:44:29.713  <> [INF] (Microsoft.AspNetCore.Routing.EndpointMiddleware) Executing endpoint 'Products.Controllers.ProductsController.Delete (Products)' 
2025-05-07 14:44:29.713  <> [INF] (Microsoft.AspNetCore.Mvc.Infrastructure.ControllerActionInvoker) Route matched with {action = "Delete", controller = "Products"}. Executing controller action with signature System.Threading.Tasks.Task`1[Microsoft.AspNetCore.Mvc.IActionResult] Delete(Int32) on controller Products.Controllers.ProductsController (Products). 
2025-05-07 14:44:29.715  <> [INF] (Microsoft.EntityFrameworkCore.Update) Saved 1 entities to in-memory store. 
2025-05-07 14:44:29.716  <> [INF] (Products.Controllers.ProductsController) Product 2 deleted 
2025-05-07 14:44:29.716  <> [INF] (Microsoft.AspNetCore.Mvc.StatusCodeResult) Executing StatusCodeResult, setting HTTP status code 204 
2025-05-07 14:44:29.716  <> [INF] (Microsoft.AspNetCore.Mvc.Infrastructure.ControllerActionInvoker) Executed action Products.Controllers.ProductsController.Delete (Products) in 2.8076ms 
2025-05-07 14:44:29.716  <> [INF] (Microsoft.AspNetCore.Routing.EndpointMiddleware) Executed endpoint 'Products.Controllers.ProductsController.Delete (Products)' 
2025-05-07 14:44:29.716  <> [INF] (Microsoft.AspNetCore.Hosting.Diagnostics) Request finished HTTP/1.1 DELETE http://localhost:5083/api/v1/Products/2 - 204 null null 3.7304ms 
2025-05-07 14:44:31.561  <> [INF] (Microsoft.AspNetCore.Hosting.Diagnostics) Request starting HTTP/1.1 GET http://localhost:5083/api/v1/Products - null null 
2025-05-07 14:44:31.562  <> [INF] (Microsoft.AspNetCore.Routing.EndpointMiddleware) Executing endpoint 'Products.Controllers.ProductsController.GetAll (Products)' 
2025-05-07 14:44:31.562  <> [INF] (Microsoft.AspNetCore.Mvc.Infrastructure.ControllerActionInvoker) Route matched with {action = "GetAll", controller = "Products"}. Executing controller action with signature System.Threading.Tasks.Task`1[Microsoft.AspNetCore.Mvc.ActionResult`1[System.Collections.Generic.IEnumerable`1[Products.Models.ProductDto]]] GetAll() on controller Products.Controllers.ProductsController (Products). 
2025-05-07 14:44:31.563  <> [INF] (Microsoft.AspNetCore.Mvc.Infrastructure.ObjectResultExecutor) Executing OkObjectResult, writing value of type 'System.Linq.Enumerable+SelectListIterator`2[[Products.Domain.Entities.Product, Products, Version=1.0.0.0, Culture=neutral, PublicKeyToken=null],[Products.Models.ProductDto, Products, Version=1.0.0.0, Culture=neutral, PublicKeyToken=null]]'. 
2025-05-07 14:44:31.563  <> [INF] (Microsoft.AspNetCore.Mvc.Infrastructure.ControllerActionInvoker) Executed action Products.Controllers.ProductsController.GetAll (Products) in 1.1763ms 
2025-05-07 14:44:31.563  <> [INF] (Microsoft.AspNetCore.Routing.EndpointMiddleware) Executed endpoint 'Products.Controllers.ProductsController.GetAll (Products)' 
2025-05-07 14:44:31.563  <> [INF] (Microsoft.AspNetCore.Hosting.Diagnostics) Request finished HTTP/1.1 GET http://localhost:5083/api/v1/Products - 200 null application/json; charset=utf-8 2.0419ms 
2025-05-07 14:44:32.526  <> [INF] (Microsoft.AspNetCore.Hosting.Diagnostics) Request starting HTTP/1.1 GET http://localhost:5083/api/v1/Products - null null 
2025-05-07 14:44:32.528  <> [INF] (Microsoft.AspNetCore.Routing.EndpointMiddleware) Executing endpoint 'Products.Controllers.ProductsController.GetAll (Products)' 
2025-05-07 14:44:32.528  <> [INF] (Microsoft.AspNetCore.Mvc.Infrastructure.ControllerActionInvoker) Route matched with {action = "GetAll", controller = "Products"}. Executing controller action with signature System.Threading.Tasks.Task`1[Microsoft.AspNetCore.Mvc.ActionResult`1[System.Collections.Generic.IEnumerable`1[Products.Models.ProductDto]]] GetAll() on controller Products.Controllers.ProductsController (Products). 
2025-05-07 14:44:32.529  <> [INF] (Microsoft.AspNetCore.Mvc.Infrastructure.ObjectResultExecutor) Executing OkObjectResult, writing value of type 'System.Linq.Enumerable+SelectListIterator`2[[Products.Domain.Entities.Product, Products, Version=1.0.0.0, Culture=neutral, PublicKeyToken=null],[Products.Models.ProductDto, Products, Version=1.0.0.0, Culture=neutral, PublicKeyToken=null]]'. 
2025-05-07 14:44:32.529  <> [INF] (Microsoft.AspNetCore.Mvc.Infrastructure.ControllerActionInvoker) Executed action Products.Controllers.ProductsController.GetAll (Products) in 1.5621ms 
2025-05-07 14:44:32.529  <> [INF] (Microsoft.AspNetCore.Routing.EndpointMiddleware) Executed endpoint 'Products.Controllers.ProductsController.GetAll (Products)' 
2025-05-07 14:44:32.530  <> [INF] (Microsoft.AspNetCore.Hosting.Diagnostics) Request finished HTTP/1.1 GET http://localhost:5083/api/v1/Products - 200 null application/json; charset=utf-8 3.0818ms 
2025-05-07 14:44:39.113  <> [INF] (Microsoft.AspNetCore.Hosting.Diagnostics) Request starting HTTP/1.1 POST http://localhost:5083/api/v1/Products - application/json 47 
2025-05-07 14:44:39.113  <> [INF] (Microsoft.AspNetCore.Routing.EndpointMiddleware) Executing endpoint 'Products.Controllers.ProductsController.Create (Products)' 
2025-05-07 14:44:39.113  <> [INF] (Microsoft.AspNetCore.Mvc.Infrastructure.ControllerActionInvoker) Route matched with {action = "Create", controller = "Products"}. Executing controller action with signature System.Threading.Tasks.Task`1[Microsoft.AspNetCore.Mvc.ActionResult`1[Products.Models.ProductDto]] Create(Products.Models.ProductDto) on controller Products.Controllers.ProductsController (Products). 
2025-05-07 14:44:58.271  <> [INF] (Microsoft.EntityFrameworkCore.Update) Saved 1 entities to in-memory store. 
2025-05-07 14:45:35.940  <> [INF] (Products.Controllers.ProductsController) Product 3 created at "2025-05-07T11:44:39.1153711Z" 
2025-05-07 14:45:53.717  <> [INF] (Microsoft.AspNetCore.Mvc.Infrastructure.ObjectResultExecutor) Executing CreatedAtActionResult, writing value of type 'Products.Models.ProductDto'. 
2025-05-07 14:45:53.718  <> [INF] (Microsoft.AspNetCore.Mvc.Infrastructure.ControllerActionInvoker) Executed action Products.Controllers.ProductsController.Create (Products) in 74604.4258ms 
2025-05-07 14:45:53.718  <> [INF] (Microsoft.AspNetCore.Routing.EndpointMiddleware) Executed endpoint 'Products.Controllers.ProductsController.Create (Products)' 
2025-05-07 14:45:53.720  <> [INF] (Microsoft.AspNetCore.Hosting.Diagnostics) Request finished HTTP/1.1 POST http://localhost:5083/api/v1/Products - 201 null application/json; charset=utf-8 74605.8748ms 
2025-05-07 14:46:05.363  <> [INF] (Microsoft.AspNetCore.Hosting.Diagnostics) Request starting HTTP/1.1 GET http://localhost:5083/api/v1/Products/1 - null null 
2025-05-07 14:46:05.363  <> [INF] (Microsoft.AspNetCore.Routing.EndpointMiddleware) Executing endpoint 'Products.Controllers.ProductsController.Get (Products)' 
2025-05-07 14:46:05.363  <> [INF] (Microsoft.AspNetCore.Mvc.Infrastructure.ControllerActionInvoker) Route matched with {action = "Get", controller = "Products"}. Executing controller action with signature System.Threading.Tasks.Task`1[Microsoft.AspNetCore.Mvc.ActionResult`1[Products.Models.ProductDto]] Get(Int32) on controller Products.Controllers.ProductsController (Products). 
2025-05-07 14:46:05.365  <> [INF] (Microsoft.AspNetCore.Mvc.Infrastructure.ObjectResultExecutor) Executing ObjectResult, writing value of type 'Microsoft.AspNetCore.Mvc.ProblemDetails'. 
2025-05-07 14:46:05.365  <> [INF] (Microsoft.AspNetCore.Mvc.Infrastructure.ControllerActionInvoker) Executed action Products.Controllers.ProductsController.Get (Products) in 1.633ms 
2025-05-07 14:46:05.365  <> [INF] (Microsoft.AspNetCore.Routing.EndpointMiddleware) Executed endpoint 'Products.Controllers.ProductsController.Get (Products)' 
2025-05-07 14:46:05.365  <> [INF] (Microsoft.AspNetCore.Hosting.Diagnostics) Request finished HTTP/1.1 GET http://localhost:5083/api/v1/Products/1 - 404 null application/problem+json; charset=utf-8 2.2911ms 
2025-05-07 14:46:07.192  <> [INF] (Microsoft.AspNetCore.Hosting.Diagnostics) Request starting HTTP/1.1 GET http://localhost:5083/api/v1/Products/1 - null null 
2025-05-07 14:46:07.192  <> [INF] (Microsoft.AspNetCore.Routing.EndpointMiddleware) Executing endpoint 'Products.Controllers.ProductsController.Get (Products)' 
2025-05-07 14:46:07.192  <> [INF] (Microsoft.AspNetCore.Mvc.Infrastructure.ControllerActionInvoker) Route matched with {action = "Get", controller = "Products"}. Executing controller action with signature System.Threading.Tasks.Task`1[Microsoft.AspNetCore.Mvc.ActionResult`1[Products.Models.ProductDto]] Get(Int32) on controller Products.Controllers.ProductsController (Products). 
2025-05-07 14:46:07.194  <> [INF] (Microsoft.AspNetCore.Mvc.Infrastructure.ObjectResultExecutor) Executing ObjectResult, writing value of type 'Microsoft.AspNetCore.Mvc.ProblemDetails'. 
2025-05-07 14:46:07.195  <> [INF] (Microsoft.AspNetCore.Mvc.Infrastructure.ControllerActionInvoker) Executed action Products.Controllers.ProductsController.Get (Products) in 2.3699ms 
2025-05-07 14:46:07.195  <> [INF] (Microsoft.AspNetCore.Routing.EndpointMiddleware) Executed endpoint 'Products.Controllers.ProductsController.Get (Products)' 
2025-05-07 14:46:07.196  <> [INF] (Microsoft.AspNetCore.Hosting.Diagnostics) Request finished HTTP/1.1 GET http://localhost:5083/api/v1/Products/1 - 404 null application/problem+json; charset=utf-8 4.0628ms 
2025-05-07 15:11:07.803  <> [INF] (Microsoft.Hosting.Lifetime) Now listening on: http://localhost:5083 
2025-05-07 15:11:07.812  <> [INF] (Microsoft.Hosting.Lifetime) Application started. Press Ctrl+C to shut down. 
2025-05-07 15:11:07.813  <> [INF] (Microsoft.Hosting.Lifetime) Hosting environment: Development 
2025-05-07 15:11:07.813  <> [INF] (Microsoft.Hosting.Lifetime) Content root path: C:\Users\Yosefg\AI\APITemplate\Products\Products 
2025-05-07 15:11:08.343  <> [INF] (Microsoft.AspNetCore.Hosting.Diagnostics) Request starting HTTP/1.1 GET http://localhost:5083/swagger/index.html - null null 
2025-05-07 15:11:08.429  <> [INF] (Microsoft.AspNetCore.Hosting.Diagnostics) Request finished HTTP/1.1 GET http://localhost:5083/swagger/index.html - 200 null text/html;charset=utf-8 86.7325ms 
2025-05-07 15:11:08.749  <> [INF] (Microsoft.AspNetCore.Hosting.Diagnostics) Request starting HTTP/1.1 GET http://localhost:5083/swagger/v1/swagger.json - null null 
2025-05-07 15:11:08.824  <> [INF] (Microsoft.AspNetCore.Hosting.Diagnostics) Request finished HTTP/1.1 GET http://localhost:5083/swagger/v1/swagger.json - 200 null application/json;charset=utf-8 75.2388ms 
2025-05-07 15:11:20.754  <> [INF] (Microsoft.AspNetCore.Hosting.Diagnostics) Request starting HTTP/1.1 GET http://localhost:5083/api/v1/Products - null null 
2025-05-07 15:11:20.760  <> [WRN] (Microsoft.AspNetCore.HttpsPolicy.HttpsRedirectionMiddleware) Failed to determine the https port for redirect. 
2025-05-07 15:11:20.762  <> [INF] (Microsoft.AspNetCore.Routing.EndpointMiddleware) Executing endpoint 'Products.Controllers.ProductsController.GetAll (Products)' 
2025-05-07 15:11:20.777  <> [INF] (Microsoft.AspNetCore.Mvc.Infrastructure.ControllerActionInvoker) Route matched with {action = "GetAll", controller = "Products"}. Executing controller action with signature System.Threading.Tasks.Task`1[Microsoft.AspNetCore.Mvc.ActionResult`1[System.Collections.Generic.IEnumerable`1[Products.Models.ProductDto]]] GetAll() on controller Products.Controllers.ProductsController (Products). 
2025-05-07 15:11:21.123  <> [INF] (Microsoft.AspNetCore.Mvc.Infrastructure.ObjectResultExecutor) Executing OkObjectResult, writing value of type 'System.Linq.Enumerable+SelectListIterator`2[[Products.Domain.Entities.Product, Products, Version=1.0.0.0, Culture=neutral, PublicKeyToken=null],[Products.Models.ProductDto, Products, Version=1.0.0.0, Culture=neutral, PublicKeyToken=null]]'. 
2025-05-07 15:11:21.138  <> [INF] (Microsoft.AspNetCore.Mvc.Infrastructure.ControllerActionInvoker) Executed action Products.Controllers.ProductsController.GetAll (Products) in 358.1967ms 
2025-05-07 15:11:21.139  <> [INF] (Microsoft.AspNetCore.Routing.EndpointMiddleware) Executed endpoint 'Products.Controllers.ProductsController.GetAll (Products)' 
2025-05-07 15:11:21.141  <> [INF] (Microsoft.AspNetCore.Hosting.Diagnostics) Request finished HTTP/1.1 GET http://localhost:5083/api/v1/Products - 200 null application/json; charset=utf-8 386.7792ms 
2025-05-07 15:11:29.164  <> [INF] (Microsoft.AspNetCore.Hosting.Diagnostics) Request starting HTTP/1.1 POST http://localhost:5083/api/v1/Products - application/json 47 
2025-05-07 15:11:29.165  <> [INF] (Microsoft.AspNetCore.Routing.EndpointMiddleware) Executing endpoint 'Products.Controllers.ProductsController.Create (Products)' 
2025-05-07 15:11:29.173  <> [INF] (Microsoft.AspNetCore.Mvc.Infrastructure.ControllerActionInvoker) Route matched with {action = "Create", controller = "Products"}. Executing controller action with signature System.Threading.Tasks.Task`1[Microsoft.AspNetCore.Mvc.ActionResult`1[Products.Models.ProductDto]] Create(Products.Models.ProductDto) on controller Products.Controllers.ProductsController (Products). 
2025-05-07 15:11:34.536  <> [INF] (Microsoft.EntityFrameworkCore.Update) Saved 1 entities to in-memory store. 
2025-05-07 15:11:40.956  <> [INF] (Products.Controllers.ProductsController) Product 1 created at "2025-05-07T12:11:29.1923446Z" 
2025-05-07 15:11:40.957  <> [INF] (Microsoft.AspNetCore.Mvc.Infrastructure.ObjectResultExecutor) Executing CreatedAtActionResult, writing value of type 'Products.Models.ProductDto'. 
2025-05-07 15:11:40.969  <> [INF] (Microsoft.AspNetCore.Mvc.Infrastructure.ControllerActionInvoker) Executed action Products.Controllers.ProductsController.Create (Products) in 11795.3115ms 
2025-05-07 15:11:40.969  <> [INF] (Microsoft.AspNetCore.Routing.EndpointMiddleware) Executed endpoint 'Products.Controllers.ProductsController.Create (Products)' 
2025-05-07 15:11:40.969  <> [INF] (Microsoft.AspNetCore.Hosting.Diagnostics) Request finished HTTP/1.1 POST http://localhost:5083/api/v1/Products - 201 null application/json; charset=utf-8 11804.3663ms 
2025-05-07 15:11:58.575  <> [INF] (Microsoft.AspNetCore.Hosting.Diagnostics) Request starting HTTP/1.1 GET http://localhost:5083/api/v1/Products - null null 
2025-05-07 15:11:58.576  <> [INF] (Microsoft.AspNetCore.Routing.EndpointMiddleware) Executing endpoint 'Products.Controllers.ProductsController.GetAll (Products)' 
2025-05-07 15:11:58.576  <> [INF] (Microsoft.AspNetCore.Mvc.Infrastructure.ControllerActionInvoker) Route matched with {action = "GetAll", controller = "Products"}. Executing controller action with signature System.Threading.Tasks.Task`1[Microsoft.AspNetCore.Mvc.ActionResult`1[System.Collections.Generic.IEnumerable`1[Products.Models.ProductDto]]] GetAll() on controller Products.Controllers.ProductsController (Products). 
2025-05-07 15:11:58.598  <> [INF] (Microsoft.AspNetCore.Mvc.Infrastructure.ObjectResultExecutor) Executing OkObjectResult, writing value of type 'System.Linq.Enumerable+SelectListIterator`2[[Products.Domain.Entities.Product, Products, Version=1.0.0.0, Culture=neutral, PublicKeyToken=null],[Products.Models.ProductDto, Products, Version=1.0.0.0, Culture=neutral, PublicKeyToken=null]]'. 
2025-05-07 15:11:58.598  <> [INF] (Microsoft.AspNetCore.Mvc.Infrastructure.ControllerActionInvoker) Executed action Products.Controllers.ProductsController.GetAll (Products) in 22.1606ms 
2025-05-07 15:11:58.599  <> [INF] (Microsoft.AspNetCore.Routing.EndpointMiddleware) Executed endpoint 'Products.Controllers.ProductsController.GetAll (Products)' 
2025-05-07 15:11:58.599  <> [INF] (Microsoft.AspNetCore.Hosting.Diagnostics) Request finished HTTP/1.1 GET http://localhost:5083/api/v1/Products - 200 null application/json; charset=utf-8 23.1447ms 
2025-05-07 15:12:00.161  <> [INF] (Microsoft.AspNetCore.Hosting.Diagnostics) Request starting HTTP/1.1 GET http://localhost:5083/api/v1/Products - null null 
2025-05-07 15:12:00.162  <> [INF] (Microsoft.AspNetCore.Routing.EndpointMiddleware) Executing endpoint 'Products.Controllers.ProductsController.GetAll (Products)' 
2025-05-07 15:12:00.162  <> [INF] (Microsoft.AspNetCore.Mvc.Infrastructure.ControllerActionInvoker) Route matched with {action = "GetAll", controller = "Products"}. Executing controller action with signature System.Threading.Tasks.Task`1[Microsoft.AspNetCore.Mvc.ActionResult`1[System.Collections.Generic.IEnumerable`1[Products.Models.ProductDto]]] GetAll() on controller Products.Controllers.ProductsController (Products). 
2025-05-07 15:12:00.164  <> [INF] (Microsoft.AspNetCore.Mvc.Infrastructure.ObjectResultExecutor) Executing OkObjectResult, writing value of type 'System.Linq.Enumerable+SelectListIterator`2[[Products.Domain.Entities.Product, Products, Version=1.0.0.0, Culture=neutral, PublicKeyToken=null],[Products.Models.ProductDto, Products, Version=1.0.0.0, Culture=neutral, PublicKeyToken=null]]'. 
2025-05-07 15:12:00.165  <> [INF] (Microsoft.AspNetCore.Mvc.Infrastructure.ControllerActionInvoker) Executed action Products.Controllers.ProductsController.GetAll (Products) in 2.8187ms 
2025-05-07 15:12:00.165  <> [INF] (Microsoft.AspNetCore.Routing.EndpointMiddleware) Executed endpoint 'Products.Controllers.ProductsController.GetAll (Products)' 
2025-05-07 15:12:00.165  <> [INF] (Microsoft.AspNetCore.Hosting.Diagnostics) Request finished HTTP/1.1 GET http://localhost:5083/api/v1/Products - 200 null application/json; charset=utf-8 4.0106ms 
2025-05-07 15:18:01.882  <> [INF] (Microsoft.Hosting.Lifetime) Now listening on: http://localhost:5083 
2025-05-07 15:18:01.892  <> [INF] (Microsoft.Hosting.Lifetime) Application started. Press Ctrl+C to shut down. 
2025-05-07 15:18:01.892  <> [INF] (Microsoft.Hosting.Lifetime) Hosting environment: Development 
2025-05-07 15:18:01.892  <> [INF] (Microsoft.Hosting.Lifetime) Content root path: C:\Users\Yosefg\AI\APITemplate\Products\Products 
2025-05-07 15:18:02.397  <> [INF] (Microsoft.AspNetCore.Hosting.Diagnostics) Request starting HTTP/1.1 GET http://localhost:5083/swagger/index.html - null null 
2025-05-07 15:18:02.478  <> [INF] (Microsoft.AspNetCore.Hosting.Diagnostics) Request finished HTTP/1.1 GET http://localhost:5083/swagger/index.html - 200 null text/html;charset=utf-8 81.3784ms 
2025-05-07 15:18:02.812  <> [INF] (Microsoft.AspNetCore.Hosting.Diagnostics) Request starting HTTP/1.1 GET http://localhost:5083/swagger/v1/swagger.json - null null 
2025-05-07 15:18:02.894  <> [INF] (Microsoft.AspNetCore.Hosting.Diagnostics) Request finished HTTP/1.1 GET http://localhost:5083/swagger/v1/swagger.json - 200 null application/json;charset=utf-8 81.5877ms 
2025-05-07 15:18:06.406  <> [INF] (Microsoft.AspNetCore.Hosting.Diagnostics) Request starting HTTP/1.1 GET http://localhost:5083/api/v1/Products - null null 
2025-05-07 15:18:06.414  <> [WRN] (Microsoft.AspNetCore.HttpsPolicy.HttpsRedirectionMiddleware) Failed to determine the https port for redirect. 
2025-05-07 15:18:06.418  <> [INF] (Microsoft.AspNetCore.Routing.EndpointMiddleware) Executing endpoint 'Products.Controllers.ProductsController.GetAll (Products)' 
2025-05-07 15:18:06.437  <> [INF] (Microsoft.AspNetCore.Mvc.Infrastructure.ControllerActionInvoker) Route matched with {action = "GetAll", controller = "Products"}. Executing controller action with signature System.Threading.Tasks.Task`1[Microsoft.AspNetCore.Mvc.ActionResult`1[System.Collections.Generic.IEnumerable`1[Products.Models.ProductDto]]] GetAll() on controller Products.Controllers.ProductsController (Products). 
2025-05-07 15:18:06.801  <> [INF] (Microsoft.AspNetCore.Mvc.Infrastructure.ObjectResultExecutor) Executing OkObjectResult, writing value of type 'System.Linq.Enumerable+SelectListIterator`2[[Products.Domain.Entities.Product, Products, Version=1.0.0.0, Culture=neutral, PublicKeyToken=null],[Products.Models.ProductDto, Products, Version=1.0.0.0, Culture=neutral, PublicKeyToken=null]]'. 
2025-05-07 15:18:06.815  <> [INF] (Microsoft.AspNetCore.Mvc.Infrastructure.ControllerActionInvoker) Executed action Products.Controllers.ProductsController.GetAll (Products) in 375.4162ms 
2025-05-07 15:18:06.815  <> [INF] (Microsoft.AspNetCore.Routing.EndpointMiddleware) Executed endpoint 'Products.Controllers.ProductsController.GetAll (Products)' 
2025-05-07 15:18:06.818  <> [INF] (Microsoft.AspNetCore.Hosting.Diagnostics) Request finished HTTP/1.1 GET http://localhost:5083/api/v1/Products - 200 null application/json; charset=utf-8 412.1846ms 
2025-05-07 15:18:15.119  <> [INF] (Microsoft.AspNetCore.Hosting.Diagnostics) Request starting HTTP/1.1 POST http://localhost:5083/api/v1/Products - application/json 31 
2025-05-07 15:18:15.120  <> [INF] (Microsoft.AspNetCore.Routing.EndpointMiddleware) Executing endpoint 'Products.Controllers.ProductsController.Create (Products)' 
2025-05-07 15:18:15.128  <> [INF] (Microsoft.AspNetCore.Mvc.Infrastructure.ControllerActionInvoker) Route matched with {action = "Create", controller = "Products"}. Executing controller action with signature System.Threading.Tasks.Task`1[Microsoft.AspNetCore.Mvc.ActionResult`1[Products.Models.ProductDto]] Create(Products.Models.ProductInsertDto) on controller Products.Controllers.ProductsController (Products). 
2025-05-07 15:18:20.259  <> [INF] (Microsoft.EntityFrameworkCore.Update) Saved 1 entities to in-memory store. 
2025-05-07 15:18:20.263  <> [INF] (Products.Controllers.ProductsController) Product 1 created at "2025-05-07T12:18:15.1479345Z" 
2025-05-07 15:18:20.265  <> [INF] (Microsoft.AspNetCore.Mvc.Infrastructure.ObjectResultExecutor) Executing CreatedAtActionResult, writing value of type 'Products.Models.ProductDto'. 
2025-05-07 15:18:20.277  <> [INF] (Microsoft.AspNetCore.Mvc.Infrastructure.ControllerActionInvoker) Executed action Products.Controllers.ProductsController.Create (Products) in 5148.7243ms 
2025-05-07 15:18:20.277  <> [INF] (Microsoft.AspNetCore.Routing.EndpointMiddleware) Executed endpoint 'Products.Controllers.ProductsController.Create (Products)' 
2025-05-07 15:18:20.277  <> [INF] (Microsoft.AspNetCore.Hosting.Diagnostics) Request finished HTTP/1.1 POST http://localhost:5083/api/v1/Products - 201 null application/json; charset=utf-8 5158.6607ms 
2025-05-07 15:18:26.919  <> [INF] (Microsoft.AspNetCore.Hosting.Diagnostics) Request starting HTTP/1.1 GET http://localhost:5083/api/v1/Products - null null 
2025-05-07 15:18:26.919  <> [INF] (Microsoft.AspNetCore.Routing.EndpointMiddleware) Executing endpoint 'Products.Controllers.ProductsController.GetAll (Products)' 
2025-05-07 15:18:26.919  <> [INF] (Microsoft.AspNetCore.Mvc.Infrastructure.ControllerActionInvoker) Route matched with {action = "GetAll", controller = "Products"}. Executing controller action with signature System.Threading.Tasks.Task`1[Microsoft.AspNetCore.Mvc.ActionResult`1[System.Collections.Generic.IEnumerable`1[Products.Models.ProductDto]]] GetAll() on controller Products.Controllers.ProductsController (Products). 
2025-05-07 15:18:26.934  <> [INF] (Microsoft.AspNetCore.Mvc.Infrastructure.ObjectResultExecutor) Executing OkObjectResult, writing value of type 'System.Linq.Enumerable+SelectListIterator`2[[Products.Domain.Entities.Product, Products, Version=1.0.0.0, Culture=neutral, PublicKeyToken=null],[Products.Models.ProductDto, Products, Version=1.0.0.0, Culture=neutral, PublicKeyToken=null]]'. 
2025-05-07 15:18:26.935  <> [INF] (Microsoft.AspNetCore.Mvc.Infrastructure.ControllerActionInvoker) Executed action Products.Controllers.ProductsController.GetAll (Products) in 15.2008ms 
2025-05-07 15:18:26.935  <> [INF] (Microsoft.AspNetCore.Routing.EndpointMiddleware) Executed endpoint 'Products.Controllers.ProductsController.GetAll (Products)' 
2025-05-07 15:18:26.935  <> [INF] (Microsoft.AspNetCore.Hosting.Diagnostics) Request finished HTTP/1.1 GET http://localhost:5083/api/v1/Products - 200 null application/json; charset=utf-8 16.1989ms 
2025-05-07 15:18:40.156  <> [INF] (Microsoft.AspNetCore.Hosting.Diagnostics) Request starting HTTP/1.1 GET http://localhost:5083/api/v1/Products/1 - null null 
2025-05-07 15:18:40.156  <> [INF] (Microsoft.AspNetCore.Routing.EndpointMiddleware) Executing endpoint 'Products.Controllers.ProductsController.Get (Products)' 
2025-05-07 15:18:40.159  <> [INF] (Microsoft.AspNetCore.Mvc.Infrastructure.ControllerActionInvoker) Route matched with {action = "Get", controller = "Products"}. Executing controller action with signature System.Threading.Tasks.Task`1[Microsoft.AspNetCore.Mvc.ActionResult`1[Products.Models.ProductDto]] Get(Int32) on controller Products.Controllers.ProductsController (Products). 
2025-05-07 15:18:40.204  <> [INF] (Microsoft.AspNetCore.Mvc.Infrastructure.ObjectResultExecutor) Executing OkObjectResult, writing value of type 'Products.Models.ProductDto'. 
2025-05-07 15:18:40.205  <> [INF] (Microsoft.AspNetCore.Mvc.Infrastructure.ControllerActionInvoker) Executed action Products.Controllers.ProductsController.Get (Products) in 45.089ms 
2025-05-07 15:18:40.205  <> [INF] (Microsoft.AspNetCore.Routing.EndpointMiddleware) Executed endpoint 'Products.Controllers.ProductsController.Get (Products)' 
2025-05-07 15:18:40.205  <> [INF] (Microsoft.AspNetCore.Hosting.Diagnostics) Request finished HTTP/1.1 GET http://localhost:5083/api/v1/Products/1 - 200 null application/json; charset=utf-8 49.2098ms 
2025-05-07 15:18:47.613  <> [INF] (Microsoft.AspNetCore.Hosting.Diagnostics) Request starting HTTP/1.1 POST http://localhost:5083/api/v1/Products - application/json 32 
2025-05-07 15:18:47.614  <> [INF] (Microsoft.AspNetCore.Routing.EndpointMiddleware) Executing endpoint 'Products.Controllers.ProductsController.Create (Products)' 
2025-05-07 15:18:47.614  <> [INF] (Microsoft.AspNetCore.Mvc.Infrastructure.ControllerActionInvoker) Route matched with {action = "Create", controller = "Products"}. Executing controller action with signature System.Threading.Tasks.Task`1[Microsoft.AspNetCore.Mvc.ActionResult`1[Products.Models.ProductDto]] Create(Products.Models.ProductInsertDto) on controller Products.Controllers.ProductsController (Products). 
2025-05-07 15:18:47.620  <> [INF] (Microsoft.EntityFrameworkCore.Update) Saved 1 entities to in-memory store. 
2025-05-07 15:18:47.620  <> [INF] (Products.Controllers.ProductsController) Product 2 created at "2025-05-07T12:18:47.6158405Z" 
2025-05-07 15:18:47.620  <> [INF] (Microsoft.AspNetCore.Mvc.Infrastructure.ObjectResultExecutor) Executing CreatedAtActionResult, writing value of type 'Products.Models.ProductDto'. 
2025-05-07 15:18:47.622  <> [INF] (Microsoft.AspNetCore.Mvc.Infrastructure.ControllerActionInvoker) Executed action Products.Controllers.ProductsController.Create (Products) in 7.3602ms 
2025-05-07 15:18:47.622  <> [INF] (Microsoft.AspNetCore.Routing.EndpointMiddleware) Executed endpoint 'Products.Controllers.ProductsController.Create (Products)' 
2025-05-07 15:18:47.622  <> [INF] (Microsoft.AspNetCore.Hosting.Diagnostics) Request finished HTTP/1.1 POST http://localhost:5083/api/v1/Products - 201 null application/json; charset=utf-8 8.6022ms 
2025-05-07 15:18:50.991  <> [INF] (Microsoft.AspNetCore.Hosting.Diagnostics) Request starting HTTP/1.1 GET http://localhost:5083/api/v1/Products - null null 
2025-05-07 15:18:50.991  <> [INF] (Microsoft.AspNetCore.Routing.EndpointMiddleware) Executing endpoint 'Products.Controllers.ProductsController.GetAll (Products)' 
2025-05-07 15:18:50.992  <> [INF] (Microsoft.AspNetCore.Mvc.Infrastructure.ControllerActionInvoker) Route matched with {action = "GetAll", controller = "Products"}. Executing controller action with signature System.Threading.Tasks.Task`1[Microsoft.AspNetCore.Mvc.ActionResult`1[System.Collections.Generic.IEnumerable`1[Products.Models.ProductDto]]] GetAll() on controller Products.Controllers.ProductsController (Products). 
2025-05-07 15:18:50.993  <> [INF] (Microsoft.AspNetCore.Mvc.Infrastructure.ObjectResultExecutor) Executing OkObjectResult, writing value of type 'System.Linq.Enumerable+SelectListIterator`2[[Products.Domain.Entities.Product, Products, Version=1.0.0.0, Culture=neutral, PublicKeyToken=null],[Products.Models.ProductDto, Products, Version=1.0.0.0, Culture=neutral, PublicKeyToken=null]]'. 
2025-05-07 15:18:50.993  <> [INF] (Microsoft.AspNetCore.Mvc.Infrastructure.ControllerActionInvoker) Executed action Products.Controllers.ProductsController.GetAll (Products) in 1.1999ms 
2025-05-07 15:18:50.994  <> [INF] (Microsoft.AspNetCore.Routing.EndpointMiddleware) Executed endpoint 'Products.Controllers.ProductsController.GetAll (Products)' 
2025-05-07 15:18:50.994  <> [INF] (Microsoft.AspNetCore.Hosting.Diagnostics) Request finished HTTP/1.1 GET http://localhost:5083/api/v1/Products - 200 null application/json; charset=utf-8 2.9455ms 
